[2025-05-16 09:04:15.407 k.e.e.c.f.WriteFileUtil INFO]: create new file success
[2025-05-16 09:04:15.389 k.e.a.m.b.a.EBGAppStarter INFO]: 银企云启动初始化 ====>
[2025-05-16 09:04:45.952 k.e.a.m.b.a.EBGAppStarter INFO]: ====> Bean容器初始化完成
[2025-05-16 09:04:45.952 k.e.a.c.f.f.BankBundleManager INFO]: 加载银行前置机并发锁数量...
[2025-05-16 09:04:45.953 k.e.a.c.f.f.BankBundleManager INFO]: BOIMC_DC前置机并发锁数量：5
[2025-05-16 09:04:45.953 k.e.a.c.f.f.BankBundleManager INFO]: BOCOM_DC前置机并发锁数量：5
[2025-05-16 09:04:45.954 k.e.a.c.f.f.BankBundleManager INFO]: CMBC_OPA前置机并发锁数量：5
[2025-05-16 09:04:45.954 k.e.a.c.f.f.BankBundleManager INFO]: CMB_OPA前置机并发锁数量：5
[2025-05-16 09:04:45.954 k.e.a.c.f.f.BankBundleManager INFO]: CCB_CCIP前置机并发锁数量：5
[2025-05-16 09:04:45.955 k.e.a.c.f.f.BankBundleManager INFO]: BOCOM_OPA前置机并发锁数量：5
[2025-05-16 09:04:45.955 k.e.a.c.f.f.BankBundleManager INFO]: ICBC_CMP前置机并发锁数量：5
[2025-05-16 09:04:45.955 k.e.a.c.f.f.BankBundleManager INFO]: BOC_OPA前置机并发锁数量：5
[2025-05-16 09:04:45.956 k.e.a.c.f.f.BankBundleManager INFO]: BOC_NET前置机并发锁数量：5
[2025-05-16 09:04:45.957 k.e.a.c.f.f.BankBundleManager INFO]: GDB_OPA前置机并发锁数量：5
[2025-05-16 09:04:45.957 k.e.a.c.f.f.BankBundleManager INFO]: CMB_DC前置机并发锁数量：5
[2025-05-16 09:04:45.957 k.e.a.c.f.f.BankBundleManager INFO]: HXB_DC前置机并发锁数量：5
[2025-05-16 09:04:45.958 k.e.a.c.f.f.BankBundleManager INFO]: CCB_DC前置机并发锁数量：5
[2025-05-16 09:04:45.958 k.e.a.c.f.f.BankBundleManager INFO]: PAB_OPA前置机并发锁数量：5
[2025-05-16 09:04:45.959 k.e.a.c.f.f.BankBundleManager INFO]: PAB_DC前置机并发锁数量：5
[2025-05-16 09:04:45.959 k.e.a.c.f.f.BankBundleManager INFO]: CIB_DC前置机并发锁数量：5
[2025-05-16 09:04:45.959 k.e.a.c.f.f.BankBundleManager INFO]: CMBC_DC前置机并发锁数量：5
[2025-05-16 09:04:45.960 k.e.a.c.f.f.BankBundleManager INFO]: CIB_OPA前置机并发锁数量：5
[2025-05-16 09:04:45.960 k.e.a.c.f.f.BankBundleManager INFO]: CEB_DC前置机并发锁数量：5
[2025-05-16 09:04:45.960 k.e.a.c.f.f.BankBundleManager INFO]: CMBC_OPENBANK前置机并发锁数量：5
[2025-05-16 09:04:45.961 k.e.a.c.f.f.BankBundleManager INFO]: 开始初始化业务系统...
[2025-05-16 09:04:47.783 k.e.a.c.f.f.BankBundleManager INFO]: 业务接口个数 : 34
[2025-05-16 09:04:47.784 k.e.a.c.f.f.BankBundleManager INFO]: kd.ebg.aqap.business.credit.queryCredit.atomic.ICreditDetailPretreat
[2025-05-16 09:04:47.785 k.e.a.c.f.f.BankBundleManager INFO]: kd.ebg.aqap.business.apply.atomic.IApply
[2025-05-16 09:04:47.785 k.e.a.c.f.f.BankBundleManager INFO]: kd.ebg.aqap.business.apply.atomic.IQueryApply
[2025-05-16 09:04:47.786 k.e.a.c.f.f.BankBundleManager INFO]: kd.ebg.aqap.business.credit.queryCreditReceived.atomic.ICreditReceivedPretreat
[2025-05-16 09:04:47.786 k.e.a.c.f.f.BankBundleManager INFO]: kd.ebg.aqap.business.balancereconciliation.atomic.IBalanceStatement
[2025-05-16 09:04:47.786 k.e.a.c.f.f.BankBundleManager INFO]: kd.ebg.aqap.business.balancereconciliation.atomic.IBalanceReconciliation
[2025-05-16 09:04:47.787 k.e.a.c.f.f.BankBundleManager INFO]: kd.ebg.aqap.business.balancereconciliation.atomic.IQueryBalanceReconciliation
[2025-05-16 09:04:47.787 k.e.a.c.f.f.BankBundleManager INFO]: kd.ebg.aqap.business.credit.openCredit.atomic.IOpenCredit
[2025-05-16 09:04:47.788 k.e.a.c.f.f.BankBundleManager INFO]: kd.ebg.aqap.business.credit.openCredit.atomic.IQueryOpenCredit
[2025-05-16 09:04:47.788 k.e.a.c.f.f.BankBundleManager INFO]: kd.ebg.aqap.business.balance.atomic.IBalance
[2025-05-16 09:04:47.788 k.e.a.c.f.f.BankBundleManager INFO]: kd.ebg.aqap.business.balance.atomic.IHisBalance
[2025-05-16 09:04:47.789 k.e.a.c.f.f.BankBundleManager INFO]: kd.ebg.aqap.business.balance.atomic.ITodayBatchBalance
[2025-05-16 09:04:47.789 k.e.a.c.f.f.BankBundleManager INFO]: kd.ebg.aqap.business.balance.atomic.IHisBatchBalance
[2025-05-16 09:04:47.790 k.e.a.c.f.f.BankBundleManager INFO]: kd.ebg.aqap.business.balance.atomic.ITodayDepositBalBalance
[2025-05-16 09:04:47.790 k.e.a.c.f.f.BankBundleManager INFO]: kd.ebg.aqap.business.balance.atomic.ITodayBatchDepositBalBalance
[2025-05-16 09:04:47.790 k.e.a.c.f.f.BankBundleManager INFO]: kd.ebg.aqap.business.file.atomic.IDownload
[2025-05-16 09:04:47.791 k.e.a.c.f.f.BankBundleManager INFO]: kd.ebg.aqap.business.payment.atomic.ICheck
[2025-05-16 09:04:47.791 k.e.a.c.f.f.BankBundleManager INFO]: kd.ebg.aqap.business.file.atomic.IUpload
[2025-05-16 09:04:47.792 k.e.a.c.f.f.BankBundleManager INFO]: kd.ebg.aqap.business.detail.atomic.IDetail
[2025-05-16 09:04:47.792 k.e.a.c.f.f.BankBundleManager INFO]: kd.ebg.aqap.business.detail.atomic.IHisDetail
[2025-05-16 09:04:47.792 k.e.a.c.f.f.BankBundleManager INFO]: kd.ebg.aqap.business.credit.openCredit.atomic.IOpencreditPretreat
[2025-05-16 09:04:47.793 k.e.a.c.f.f.BankBundleManager INFO]: kd.ebg.aqap.business.payment.atomic.IPay
[2025-05-16 09:04:47.793 k.e.a.c.f.f.BankBundleManager INFO]: kd.ebg.aqap.business.payment.atomic.IQueryPay
[2025-05-16 09:04:47.793 k.e.a.c.f.f.BankBundleManager INFO]: kd.ebg.aqap.business.payment.atomic.IPretreat
[2025-05-16 09:04:47.794 k.e.a.c.f.f.BankBundleManager INFO]: kd.ebg.aqap.business.credit.queryCredit.atomic.ICreditDetail
[2025-05-16 09:04:47.794 k.e.a.c.f.f.BankBundleManager INFO]: kd.ebg.aqap.business.currentandfixed.atomic.ICurAndFixed
[2025-05-16 09:04:47.794 k.e.a.c.f.f.BankBundleManager INFO]: kd.ebg.aqap.business.currentandfixed.atomic.IQueryCurAndFixed
[2025-05-16 09:04:47.794 k.e.a.c.f.f.BankBundleManager INFO]: kd.ebg.aqap.business.currentandfixed.atomic.ICurAndFixedPretreat
[2025-05-16 09:04:47.796 k.e.a.c.f.f.BankBundleManager INFO]: kd.ebg.aqap.business.credit.queryCreditReceived.atomic.ICreditReceived
[2025-05-16 09:04:47.796 k.e.a.c.f.f.BankBundleManager INFO]: kd.ebg.aqap.business.financing.atomic.IBuyFinancing
[2025-05-16 09:04:47.797 k.e.a.c.f.f.BankBundleManager INFO]: kd.ebg.aqap.business.financing.atomic.IQueryBuyFinancing
[2025-05-16 09:04:47.797 k.e.a.c.f.f.BankBundleManager INFO]: kd.ebg.aqap.business.financing.atomic.IRedeemFinancing
[2025-05-16 09:04:47.797 k.e.a.c.f.f.BankBundleManager INFO]: kd.ebg.aqap.business.financing.atomic.IQueryRedeemFinancing
[2025-05-16 09:04:47.798 k.e.a.c.f.f.BankBundleManager INFO]: kd.ebg.aqap.business.financing.atomic.IQueryFinancing
[2025-05-16 09:04:47.798 k.e.a.c.f.f.BankBundleManager INFO]: 系统接口个数 : 0
[2025-05-16 09:04:47.799 k.e.a.c.f.f.BankBundleManager INFO]: 找到 158 个银行插件实现
[2025-05-16 09:04:47.800 k.e.a.c.f.f.BankBundleManager INFO]: MUFGB_CHN
[2025-05-16 09:04:47.800 k.e.a.c.f.f.BankBundleManager INFO]: SZSRCB_CMP
[2025-05-16 09:04:47.800 k.e.a.c.f.f.BankBundleManager INFO]: ZSB_DC
[2025-05-16 09:04:47.801 k.e.a.c.f.f.BankBundleManager INFO]: SPDB_OPA
[2025-05-16 09:04:47.801 k.e.a.c.f.f.BankBundleManager INFO]: CBHB_DC
[2025-05-16 09:04:47.801 k.e.a.c.f.f.BankBundleManager INFO]: NJB_DC
[2025-05-16 09:04:47.802 k.e.a.c.f.f.BankBundleManager INFO]: CDB_CCIP
[2025-05-16 09:04:47.802 k.e.a.c.f.f.BankBundleManager INFO]: SCB_H2H
[2025-05-16 09:04:47.803 k.e.a.c.f.f.BankBundleManager INFO]: DZBC_DC
[2025-05-16 09:04:47.803 k.e.a.c.f.f.BankBundleManager INFO]: SCBSG_SFTP
[2025-05-16 09:04:47.804 k.e.a.c.f.f.BankBundleManager INFO]: BBGB_DC
[2025-05-16 09:04:47.805 k.e.a.c.f.f.BankBundleManager INFO]: GZRCB_DC
[2025-05-16 09:04:47.805 k.e.a.c.f.f.BankBundleManager INFO]: YTBC_DC
[2025-05-16 09:04:47.806 k.e.a.c.f.f.BankBundleManager INFO]: HDB_DC
[2025-05-16 09:04:47.806 k.e.a.c.f.f.BankBundleManager INFO]: BOCOM_OPA
[2025-05-16 09:04:47.807 k.e.a.c.f.f.BankBundleManager INFO]: CZCCB_DC
[2025-05-16 09:04:47.807 k.e.a.c.f.f.BankBundleManager INFO]: ICBC_CMP
[2025-05-16 09:04:47.808 k.e.a.c.f.f.BankBundleManager INFO]: SCBB_DC
[2025-05-16 09:04:47.808 k.e.a.c.f.f.BankBundleManager INFO]: NCB_DC
[2025-05-16 09:04:47.809 k.e.a.c.f.f.BankBundleManager INFO]: QDB_DC
[2025-05-16 09:04:47.809 k.e.a.c.f.f.BankBundleManager INFO]: CITIC_AMH
[2025-05-16 09:04:47.809 k.e.a.c.f.f.BankBundleManager INFO]: EEDS_DC
[2025-05-16 09:04:47.810 k.e.a.c.f.f.BankBundleManager INFO]: SDNX_DC
[2025-05-16 09:04:47.810 k.e.a.c.f.f.BankBundleManager INFO]: UOBSG_DC
[2025-05-16 09:04:47.810 k.e.a.c.f.f.BankBundleManager INFO]: HSBL_DC
[2025-05-16 09:04:47.811 k.e.a.c.f.f.BankBundleManager INFO]: MYCCB_DC
[2025-05-16 09:04:47.811 k.e.a.c.f.f.BankBundleManager INFO]: FJNXS_DC
[2025-05-16 09:04:47.811 k.e.a.c.f.f.BankBundleManager INFO]: XIB_DC
[2025-05-16 09:04:47.812 k.e.a.c.f.f.BankBundleManager INFO]: QLBC_DC
[2025-05-16 09:04:47.812 k.e.a.c.f.f.BankBundleManager INFO]: PSBC_DC
[2025-05-16 09:04:47.812 k.e.a.c.f.f.BankBundleManager INFO]: BJRCB_CMP
[2025-05-16 09:04:47.813 k.e.a.c.f.f.BankBundleManager INFO]: JNB_DC
[2025-05-16 09:04:47.813 k.e.a.c.f.f.BankBundleManager INFO]: BOC_OPA
[2025-05-16 09:04:47.814 k.e.a.c.f.f.BankBundleManager INFO]: HZYQ_DC
[2025-05-16 09:04:47.815 k.e.a.c.f.f.BankBundleManager INFO]: DBS_CHN
[2025-05-16 09:04:47.815 k.e.a.c.f.f.BankBundleManager INFO]: BBGB_CMS
[2025-05-16 09:04:47.815 k.e.a.c.f.f.BankBundleManager INFO]: BNPP_H2H
[2025-05-16 09:04:47.816 k.e.a.c.f.f.BankBundleManager INFO]: SXNXS_DC
[2025-05-16 09:04:47.816 k.e.a.c.f.f.BankBundleManager INFO]: QSBC_DC
[2025-05-16 09:04:47.817 k.e.a.c.f.f.BankBundleManager INFO]: HRXJB_DC
[2025-05-16 09:04:47.817 k.e.a.c.f.f.BankBundleManager INFO]: BOD_CMP
[2025-05-16 09:04:47.817 k.e.a.c.f.f.BankBundleManager INFO]: HSBCMEX_DC
[2025-05-16 09:04:47.817 k.e.a.c.f.f.BankBundleManager INFO]: DBS_H2H
[2025-05-16 09:04:47.818 k.e.a.c.f.f.BankBundleManager INFO]: XTB_DC
[2025-05-16 09:04:47.818 k.e.a.c.f.f.BankBundleManager INFO]: HLBRCB_CMP
[2025-05-16 09:04:47.818 k.e.a.c.f.f.BankBundleManager INFO]: GZCB_DC
[2025-05-16 09:04:47.818 k.e.a.c.f.f.BankBundleManager INFO]: DLB_DC
[2025-05-16 09:04:47.819 k.e.a.c.f.f.BankBundleManager INFO]: TLYH_DC
[2025-05-16 09:04:47.819 k.e.a.c.f.f.BankBundleManager INFO]: CITI_DC
[2025-05-16 09:04:47.820 k.e.a.c.f.f.BankBundleManager INFO]: ANZNZ_DC
[2025-05-16 09:04:47.820 k.e.a.c.f.f.BankBundleManager INFO]: SCBHK_SFTP
[2025-05-16 09:04:47.820 k.e.a.c.f.f.BankBundleManager INFO]: TFYH_DC
[2025-05-16 09:04:47.821 k.e.a.c.f.f.BankBundleManager INFO]: WHSYBC_DC
[2025-05-16 09:04:47.821 k.e.a.c.f.f.BankBundleManager INFO]: ZZB_DC
[2025-05-16 09:04:47.821 k.e.a.c.f.f.BankBundleManager INFO]: SDCS_DC
[2025-05-16 09:04:47.821 k.e.a.c.f.f.BankBundleManager INFO]: CMBC_DC
[2025-05-16 09:04:47.822 k.e.a.c.f.f.BankBundleManager INFO]: JSHB_DC
[2025-05-16 09:04:47.822 k.e.a.c.f.f.BankBundleManager INFO]: BXW_OPA
[2025-05-16 09:04:47.822 k.e.a.c.f.f.BankBundleManager INFO]: EBG_SIM
[2025-05-16 09:04:47.822 k.e.a.c.f.f.BankBundleManager INFO]: DBS_HKN
[2025-05-16 09:04:47.822 k.e.a.c.f.f.BankBundleManager INFO]: HSBC_CMP
[2025-05-16 09:04:47.823 k.e.a.c.f.f.BankBundleManager INFO]: BEA_DC
[2025-05-16 09:04:47.824 k.e.a.c.f.f.BankBundleManager INFO]: PSBC_SRDC
[2025-05-16 09:04:47.824 k.e.a.c.f.f.BankBundleManager INFO]: HLJRCC_DC
[2025-05-16 09:04:47.824 k.e.a.c.f.f.BankBundleManager INFO]: XMB_DC
[2025-05-16 09:04:47.825 k.e.a.c.f.f.BankBundleManager INFO]: CMB_ECNY
[2025-05-16 09:04:47.825 k.e.a.c.f.f.BankBundleManager INFO]: BOSH_DC
[2025-05-16 09:04:47.825 k.e.a.c.f.f.BankBundleManager INFO]: SPDB_DC
[2025-05-16 09:04:47.826 k.e.a.c.f.f.BankBundleManager INFO]: HSB_DC
[2025-05-16 09:04:47.826 k.e.a.c.f.f.BankBundleManager INFO]: CRCB_DC
[2025-05-16 09:04:47.826 k.e.a.c.f.f.BankBundleManager INFO]: HSBCIND_DC
[2025-05-16 09:04:47.827 k.e.a.c.f.f.BankBundleManager INFO]: QLB_DC
[2025-05-16 09:04:47.827 k.e.a.c.f.f.BankBundleManager INFO]: GXNX_DC
[2025-05-16 09:04:47.828 k.e.a.c.f.f.BankBundleManager INFO]: ADBC_DC
[2025-05-16 09:04:47.828 k.e.a.c.f.f.BankBundleManager INFO]: DBS_DC
[2025-05-16 09:04:47.828 k.e.a.c.f.f.BankBundleManager INFO]: XJNX_DC
[2025-05-16 09:04:47.829 k.e.a.c.f.f.BankBundleManager INFO]: WFBC_DC
[2025-05-16 09:04:47.829 k.e.a.c.f.f.BankBundleManager INFO]: CEB_DC
[2025-05-16 09:04:47.829 k.e.a.c.f.f.BankBundleManager INFO]: GHB_DC
[2025-05-16 09:04:47.831 k.e.a.c.f.f.BankBundleManager INFO]: CITIC_DC
[2025-05-16 09:04:47.831 k.e.a.c.f.f.BankBundleManager INFO]: TABC_DC
[2025-05-16 09:04:47.831 k.e.a.c.f.f.BankBundleManager INFO]: HUIFU_DC
[2025-05-16 09:04:47.832 k.e.a.c.f.f.BankBundleManager INFO]: CITIID_DC
[2025-05-16 09:04:47.832 k.e.a.c.f.f.BankBundleManager INFO]: SRB_CMP
[2025-05-16 09:04:47.832 k.e.a.c.f.f.BankBundleManager INFO]: OCBC_DC
[2025-05-16 09:04:47.832 k.e.a.c.f.f.BankBundleManager INFO]: JXB_DC
[2025-05-16 09:04:47.833 k.e.a.c.f.f.BankBundleManager INFO]: HRB_DC
[2025-05-16 09:04:47.833 k.e.a.c.f.f.BankBundleManager INFO]: RZBC_DC
[2025-05-16 09:04:47.833 k.e.a.c.f.f.BankBundleManager INFO]: LZCCB_DC
[2025-05-16 09:04:47.833 k.e.a.c.f.f.BankBundleManager INFO]: ICBCASIA_DC
[2025-05-16 09:04:47.834 k.e.a.c.f.f.BankBundleManager INFO]: DRCB_CMP
[2025-05-16 09:04:47.834 k.e.a.c.f.f.BankBundleManager INFO]: HBNXS_DC
[2025-05-16 09:04:47.834 k.e.a.c.f.f.BankBundleManager INFO]: BOCHK_DC
[2025-05-16 09:04:47.844 k.e.a.c.f.f.BankBundleManager INFO]: LZB_DC
[2025-05-16 09:04:47.844 k.e.a.c.f.f.BankBundleManager INFO]: ICBC_OPA
[2025-05-16 09:04:47.845 k.e.a.c.f.f.BankBundleManager INFO]: YNHTB_DC
[2025-05-16 09:04:47.846 k.e.a.c.f.f.BankBundleManager INFO]: GDB_DC
[2025-05-16 09:04:47.846 k.e.a.c.f.f.BankBundleManager INFO]: CIB_OPA
[2025-05-16 09:04:47.846 k.e.a.c.f.f.BankBundleManager INFO]: DHBC_DC
[2025-05-16 09:04:47.847 k.e.a.c.f.f.BankBundleManager INFO]: TCCB_DC
[2025-05-16 09:04:47.847 k.e.a.c.f.f.BankBundleManager INFO]: DYBC_DC
[2025-05-16 09:04:47.847 k.e.a.c.f.f.BankBundleManager INFO]: SRCB_DC
[2025-05-16 09:04:47.848 k.e.a.c.f.f.BankBundleManager INFO]: ZRC_DC
[2025-05-16 09:04:47.848 k.e.a.c.f.f.BankBundleManager INFO]: HBB_DC
[2025-05-16 09:04:47.849 k.e.a.c.f.f.BankBundleManager INFO]: HNRCC_DC
[2025-05-16 09:04:47.849 k.e.a.c.f.f.BankBundleManager INFO]: SDE_DC
[2025-05-16 09:04:47.849 k.e.a.c.f.f.BankBundleManager INFO]: ZSB_OPA
[2025-05-16 09:04:47.850 k.e.a.c.f.f.BankBundleManager INFO]: WEB_DC
[2025-05-16 09:04:47.850 k.e.a.c.f.f.BankBundleManager INFO]: CCB_ECNY
[2025-05-16 09:04:47.850 k.e.a.c.f.f.BankBundleManager INFO]: BSZ_DC
[2025-05-16 09:04:47.851 k.e.a.c.f.f.BankBundleManager INFO]: SJB_CMS
[2025-05-16 09:04:47.851 k.e.a.c.f.f.BankBundleManager INFO]: JNBC_DC
[2025-05-16 09:04:47.853 k.e.a.c.f.f.BankBundleManager INFO]: NMGBC_DC
[2025-05-16 09:04:47.853 k.e.a.c.f.f.BankBundleManager INFO]: NORINCO
[2025-05-16 09:04:47.854 k.e.a.c.f.f.BankBundleManager INFO]: PAB_OPA
[2025-05-16 09:04:47.855 k.e.a.c.f.f.BankBundleManager INFO]: SMBCN_DC
[2025-05-16 09:04:47.855 k.e.a.c.f.f.BankBundleManager INFO]: ANZAU_DC
[2025-05-16 09:04:47.855 k.e.a.c.f.f.BankBundleManager INFO]: HSBCHK_DC
[2025-05-16 09:04:47.856 k.e.a.c.f.f.BankBundleManager INFO]: OCBCSG_DC
[2025-05-16 09:04:47.856 k.e.a.c.f.f.BankBundleManager INFO]: HSURB_DC
[2025-05-16 09:04:47.856 k.e.a.c.f.f.BankBundleManager INFO]: SCBIDN_H2H
[2025-05-16 09:04:47.857 k.e.a.c.f.f.BankBundleManager INFO]: ABC_DC
[2025-05-16 09:04:47.857 k.e.a.c.f.f.BankBundleManager INFO]: JXNSB_CMP
[2025-05-16 09:04:47.858 k.e.a.c.f.f.BankBundleManager INFO]: HSBI_CMP
[2025-05-16 09:04:47.858 k.e.a.c.f.f.BankBundleManager INFO]: HSBC_DC
[2025-05-16 09:04:47.859 k.e.a.c.f.f.BankBundleManager INFO]: BJB_DC
[2025-05-16 09:04:47.860 k.e.a.c.f.f.BankBundleManager INFO]: PAB_DC
[2025-05-16 09:04:47.860 k.e.a.c.f.f.BankBundleManager INFO]: BOC_ECNY
[2025-05-16 09:04:47.862 k.e.a.c.f.f.BankBundleManager INFO]: ITBJFCL_DC
[2025-05-16 09:04:47.865 k.e.a.c.f.f.BankBundleManager INFO]: BOCOM_DC
[2025-05-16 09:04:47.866 k.e.a.c.f.f.BankBundleManager INFO]: JJCCB_CMP
[2025-05-16 09:04:47.866 k.e.a.c.f.f.BankBundleManager INFO]: HFB_DC
[2025-05-16 09:04:47.868 k.e.a.c.f.f.BankBundleManager INFO]: CDB_DC
[2025-05-16 09:04:47.868 k.e.a.c.f.f.BankBundleManager INFO]: GSB_DC
[2025-05-16 09:04:47.869 k.e.a.c.f.f.BankBundleManager INFO]: ANZ_DC
[2025-05-16 09:04:47.869 k.e.a.c.f.f.BankBundleManager INFO]: GZC_DC
[2025-05-16 09:04:47.869 k.e.a.c.f.f.BankBundleManager INFO]: BOC_NET
[2025-05-16 09:04:47.871 k.e.a.c.f.f.BankBundleManager INFO]: CEXIM_DC
[2025-05-16 09:04:47.871 k.e.a.c.f.f.BankBundleManager INFO]: CITIUS_DC
[2025-05-16 09:04:47.875 k.e.a.c.f.f.BankBundleManager INFO]: NBB_OPA
[2025-05-16 09:04:47.877 k.e.a.c.f.f.BankBundleManager INFO]: NHB_DC
[2025-05-16 09:04:47.881 k.e.a.c.f.f.BankBundleManager INFO]: GDNXS_DC
[2025-05-16 09:04:47.882 k.e.a.c.f.f.BankBundleManager INFO]: SCBHK_H2H
[2025-05-16 09:04:47.883 k.e.a.c.f.f.BankBundleManager INFO]: CABC_DC
[2025-05-16 09:04:47.884 k.e.a.c.f.f.BankBundleManager INFO]: GLB_DC
[2025-05-16 09:04:47.885 k.e.a.c.f.f.BankBundleManager INFO]: HXB_DC
[2025-05-16 09:04:47.885 k.e.a.c.f.f.BankBundleManager INFO]: GDB_HK
[2025-05-16 09:04:47.886 k.e.a.c.f.f.BankBundleManager INFO]: CIB_DC
[2025-05-16 09:04:47.886 k.e.a.c.f.f.BankBundleManager INFO]: FJHXB_DC
[2025-05-16 09:04:47.887 k.e.a.c.f.f.BankBundleManager INFO]: XMB_CMP
[2025-05-16 09:04:47.888 k.e.a.c.f.f.BankBundleManager INFO]: ANZHK_DC
[2025-05-16 09:04:47.888 k.e.a.c.f.f.BankBundleManager INFO]: SCBSG_H2H
[2025-05-16 09:04:47.889 k.e.a.c.f.f.BankBundleManager INFO]: CITIHK_DC
[2025-05-16 09:04:47.890 k.e.a.c.f.f.BankBundleManager INFO]: SZNS_DC
[2025-05-16 09:04:47.890 k.e.a.c.f.f.BankBundleManager INFO]: ICBCSG_DC
[2025-05-16 09:04:47.891 k.e.a.c.f.f.BankBundleManager INFO]: SHRCB_DC
[2025-05-16 09:04:47.892 k.e.a.c.f.f.BankBundleManager INFO]: WZB_OPA
[2025-05-16 09:04:47.893 k.e.a.c.f.f.BankBundleManager INFO]: JLB_CMS
[2025-05-16 09:04:47.893 k.e.a.c.f.f.BankBundleManager INFO]: HSBCVNM_DC
[2025-05-16 09:04:47.893 k.e.a.c.f.f.BankBundleManager INFO]: GYB_DC
[2025-05-16 09:04:47.894 k.e.a.c.f.f.BankBundleManager INFO]: BOIMC_DC
[2025-05-16 09:04:47.894 k.e.a.c.f.f.BankBundleManager INFO]: SCNX_DC
[2025-05-16 09:04:47.895 k.e.a.c.f.f.BankBundleManager INFO]: LSBC_DC
[2025-05-16 09:04:47.895 k.e.a.c.f.f.BankBundleManager INFO]: CMB_OPA
[2025-05-16 09:04:47.896 k.e.a.c.f.f.BankBundleManager INFO]: ALIPAY_CMP
[2025-05-16 09:04:47.897 k.e.a.c.f.f.BankBundleManager INFO]: UOBCN_DC
[2025-05-16 09:04:47.897 k.e.a.c.f.f.BankBundleManager INFO]: QDBC_DC
[2025-05-16 09:04:47.897 k.e.a.c.f.f.BankBundleManager INFO]: BOCNET_GLOBAL
[2025-05-16 09:04:47.898 k.e.a.c.f.f.BankBundleManager INFO]: ICBC_ECNY
[2025-05-16 09:04:47.898 k.e.a.c.f.f.BankBundleManager INFO]: CMB_DC
[2025-05-16 09:04:47.898 k.e.a.c.f.f.BankBundleManager INFO]: LHBC_DC
[2025-05-16 09:04:47.899 k.e.a.c.f.f.BankBundleManager INFO]: ZZBC_DC
[2025-05-16 09:04:47.899 k.e.a.c.f.f.BankBundleManager INFO]: NBCB_DC
[2025-05-16 09:04:47.899 k.e.a.c.f.f.BankBundleManager INFO]: ZYB_DC
[2025-05-16 09:04:47.899 k.e.a.c.f.f.BankBundleManager INFO]: LSB_DC
[2025-05-16 09:04:47.900 k.e.a.c.f.f.BankBundleManager INFO]: CMBC_OPA
[2025-05-16 09:04:47.900 k.e.a.c.f.f.BankBundleManager INFO]: ZJRC_DC
[2025-05-16 09:04:47.900 k.e.a.c.f.f.BankBundleManager INFO]: JSNX_DC
[2025-05-16 09:04:47.900 k.e.a.c.f.f.BankBundleManager INFO]: CCQTGB_DC
[2025-05-16 09:04:47.901 k.e.a.c.f.f.BankBundleManager INFO]: SFRCB_DC
[2025-05-16 09:04:47.901 k.e.a.c.f.f.BankBundleManager INFO]: CDCB_CMS
[2025-05-16 09:04:47.901 k.e.a.c.f.f.BankBundleManager INFO]: GXNX_CMP
[2025-05-16 09:04:47.901 k.e.a.c.f.f.BankBundleManager INFO]: CCB_DC
[2025-05-16 09:04:47.902 k.e.a.c.f.f.BankBundleManager INFO]: BCS_DC
[2025-05-16 09:04:47.902 k.e.a.c.f.f.BankBundleManager INFO]: CRBC_DC
[2025-05-16 09:04:47.902 k.e.a.c.f.f.BankBundleManager INFO]: ARCU_DC
[2025-05-16 09:04:47.903 k.e.a.c.f.f.BankBundleManager INFO]: CQB_DC
[2025-05-16 09:04:47.903 k.e.a.c.f.f.BankBundleManager INFO]: CCB_CCIP
[2025-05-16 09:04:47.903 k.e.a.c.f.f.BankBundleManager INFO]: KSRCB_DC
[2025-05-16 09:04:47.904 k.e.a.c.f.f.BankBundleManager INFO]: ABC_ECNY
[2025-05-16 09:04:47.904 k.e.a.c.f.f.BankBundleManager INFO]: HSBCAU_DC
[2025-05-16 09:04:47.904 k.e.a.c.f.f.BankBundleManager INFO]: WECHAT_DC
[2025-05-16 09:04:47.905 k.e.a.c.f.f.BankBundleManager INFO]: BCS_CMP
[2025-05-16 09:04:47.905 k.e.a.c.f.f.BankBundleManager INFO]: GDB_OPA
[2025-05-16 09:04:47.905 k.e.a.c.f.f.BankBundleManager INFO]: GDB_OPB
[2025-05-16 09:04:47.906 k.e.a.c.f.f.BankBundleManager INFO]: NYB_DC
[2025-05-16 09:04:47.906 k.e.a.c.f.f.BankBundleManager INFO]: JSB_CMP
[2025-05-16 09:04:47.906 k.e.a.c.f.f.BankBundleManager INFO]: 初始化完成...
[2025-05-16 09:04:47.907 k.e.a.m.b.a.EBGAppStarter INFO]: ====> 加载银行插件完成
[2025-05-16 09:05:05.342 k.e.a.m.b.a.EBGAppStarter INFO]: ====> 银行插件元数据存入内存map完成
[2025-05-16 09:05:05.344 k.e.a.m.b.a.EBApplication INFO]: 加载业务处理单元...
[2025-05-16 09:05:05.410 k.e.a.m.b.h.EBServiceHandlerContainer INFO]: 发现业务框架标识，共计48个
[2025-05-16 09:05:05.488 k.e.a.m.b.h.EBServiceHandlerContainer INFO]: 业务框架标识 queryFinancing 加载完毕 , EBServiceMethod:kd.ebg.aqap.business.financing.QueryFinancingMethod , requestClass:kd.ebg.aqap.common.entity.biz.financing.query.QueryFinancingRequest , responseClass:kd.ebg.aqap.common.entity.biz.financing.query.QueryFinancingResponse
[2025-05-16 09:05:05.492 k.e.a.m.b.h.EBServiceHandlerContainer INFO]: 业务框架标识 queryCredit 加载完毕 , EBServiceMethod:kd.ebg.aqap.business.credit.QueryCreditMethod , requestClass:kd.ebg.aqap.common.entity.biz.credit.QueryCreditRequest , responseClass:kd.ebg.aqap.common.entity.biz.credit.QueryCreditResponse
[2025-05-16 09:05:05.493 k.e.a.m.b.h.EBServiceHandlerContainer INFO]: 业务框架标识 ping 加载完毕 , EBServiceMethod:kd.ebg.aqap.business.monitor.MonitorMethod , requestClass:kd.ebg.aqap.common.entity.biz.monitor.MonitorRequest , responseClass:kd.ebg.aqap.common.entity.biz.monitor.MonitorResponse
[2025-05-16 09:05:05.499 k.e.a.m.b.h.EBServiceHandlerContainer INFO]: 业务框架标识 queryCurrentAndFixed 加载完毕 , EBServiceMethod:kd.ebg.aqap.business.currentandfixed.QueryCurAndFixedMethod , requestClass:kd.ebg.aqap.common.entity.biz.querycurandfixed.QueryCurAndFixedRequest , responseClass:kd.ebg.aqap.common.entity.biz.querycurandfixed.QueryCurAndFixedResponse
[2025-05-16 09:05:05.504 k.e.a.m.b.h.EBServiceHandlerContainer INFO]: 业务框架标识 cert 加载完毕 , EBServiceMethod:kd.ebg.aqap.business.cert.CertMethod , requestClass:kd.ebg.aqap.common.entity.biz.cert.CertRequest , responseClass:kd.ebg.aqap.common.entity.biz.cert.CertResponse
[2025-05-16 09:05:05.505 k.e.a.m.b.h.EBServiceHandlerContainer INFO]: 业务框架标识 updateCurAndFixedStatus 加载完毕 , EBServiceMethod:kd.ebg.aqap.business.currentandfixed.UpdateCurAndFixedStatusMethod , requestClass:kd.ebg.aqap.common.entity.biz.cafstatus.CafStatusRequest , responseClass:kd.ebg.aqap.common.entity.biz.cafstatus.CafStatusResponse
[2025-05-16 09:05:05.507 k.e.a.m.b.h.EBServiceHandlerContainer INFO]: 业务框架标识 queryCreditReceived 加载完毕 , EBServiceMethod:kd.ebg.aqap.business.credit.QueryCreditReceivedMethod , requestClass:kd.ebg.aqap.common.entity.biz.credit.QueryCreditReceivedRequest , responseClass:kd.ebg.aqap.common.entity.biz.credit.QueryCreditReceivedResponse
[2025-05-16 09:05:05.510 k.e.a.m.b.h.EBServiceHandlerContainer INFO]: 业务框架标识 listBankLogin 加载完毕 , EBServiceMethod:kd.ebg.aqap.business.other.ListBankLoginMethod , requestClass:kd.ebg.aqap.common.entity.biz.listbanklogin.ListBankLoginRequest , responseClass:kd.ebg.aqap.common.entity.biz.listbanklogin.ListBankLoginResponse
[2025-05-16 09:05:05.513 k.e.a.m.b.h.EBServiceHandlerContainer INFO]: 业务框架标识 balanceReconciliation 加载完毕 , EBServiceMethod:kd.ebg.aqap.business.balancereconciliation.BalanceReconciliationMethod , requestClass:kd.ebg.aqap.common.entity.biz.balancereconciliation.BalanceReconciliationRequest , responseClass:kd.ebg.aqap.common.entity.biz.balancereconciliation.BalanceReconciliationResponse
[2025-05-16 09:05:05.519 k.e.a.m.b.h.EBServiceHandlerContainer INFO]: 业务框架标识 detailAsync 加载完毕 , EBServiceMethod:kd.ebg.aqap.business.detail.DetailAsyncMethod , requestClass:kd.ebg.aqap.common.entity.biz.detail.DetailRequest , responseClass:kd.ebg.aqap.common.entity.biz.detail.DetailResponse
[2025-05-16 09:05:05.521 k.e.a.m.b.h.EBServiceHandlerContainer INFO]: 业务框架标识 bankLoginDetail 加载完毕 , EBServiceMethod:kd.ebg.aqap.business.other.BankLoginDetailMethod , requestClass:kd.ebg.aqap.common.entity.biz.banklogindetail.BankLoginDetailRequest , responseClass:kd.ebg.aqap.common.entity.biz.banklogindetail.BankLoginDetailResponse
[2025-05-16 09:05:05.523 k.e.a.m.b.h.EBServiceHandlerContainer INFO]: 业务框架标识 buyFinancing 加载完毕 , EBServiceMethod:kd.ebg.aqap.business.financing.BuyFinancingMethod , requestClass:kd.ebg.aqap.common.entity.biz.financing.buy.BuyFinancingRequest , responseClass:kd.ebg.aqap.common.entity.biz.financing.buy.BuyFinancingResponse
[2025-05-16 09:05:05.524 k.e.a.m.b.h.EBServiceHandlerContainer INFO]: 业务框架标识 ebgParam 加载完毕 , EBServiceMethod:kd.ebg.aqap.business.other.EbgParamMethod , requestClass:kd.ebg.aqap.common.entity.biz.param.ParamRequest , responseClass:kd.ebg.aqap.common.entity.biz.param.ParamResponse
[2025-05-16 09:05:05.527 k.e.a.m.b.h.EBServiceHandlerContainer INFO]: 业务框架标识 updatePayStatus 加载完毕 , EBServiceMethod:kd.ebg.aqap.business.payment.UpdatePayStatusMethod , requestClass:kd.ebg.aqap.common.entity.biz.paystatus.PayStatusRequest , responseClass:kd.ebg.aqap.common.entity.biz.paystatus.PayStatusResponse
[2025-05-16 09:05:05.530 k.e.a.m.b.h.EBServiceHandlerContainer INFO]: 业务框架标识 balance 加载完毕 , EBServiceMethod:kd.ebg.aqap.business.balance.BalanceMethod , requestClass:kd.ebg.aqap.common.entity.biz.balance.BatchBalanceRequest , responseClass:kd.ebg.aqap.common.entity.biz.balance.BatchBalanceResponse
[2025-05-16 09:05:05.532 k.e.a.m.b.h.EBServiceHandlerContainer INFO]: 业务框架标识 listBank 加载完毕 , EBServiceMethod:kd.ebg.aqap.business.other.ListBankMethod , requestClass:kd.ebg.aqap.common.entity.biz.listbank.ListBankRequest , responseClass:kd.ebg.aqap.common.entity.biz.listbank.ListBankResponse
[2025-05-16 09:05:05.533 k.e.a.m.b.h.EBServiceHandlerContainer INFO]: 业务框架标识 updateFinancingStatus 加载完毕 , EBServiceMethod:kd.ebg.aqap.business.financing.UpdateFinancingStatusMethod , requestClass:kd.ebg.aqap.common.entity.biz.financing.status.FinancingStatusRequest , responseClass:kd.ebg.aqap.common.entity.biz.financing.status.FinancingStatusResponse
[2025-05-16 09:05:05.535 k.e.a.m.b.h.EBServiceHandlerContainer INFO]: 业务框架标识 queryApply 加载完毕 , EBServiceMethod:kd.ebg.aqap.business.apply.QueryApplyMethod , requestClass:kd.ebg.aqap.common.entity.biz.apply.QueryApplyRequest , responseClass:kd.ebg.aqap.common.entity.biz.apply.QueryApplyResponse
[2025-05-16 09:05:05.537 k.e.a.m.b.h.EBServiceHandlerContainer INFO]: 业务框架标识 overseaPay 加载完毕 , EBServiceMethod:kd.ebg.aqap.business.payment.OverseaPayMethod , requestClass:kd.ebg.aqap.common.entity.biz.pay.OverseaPayRequest , responseClass:kd.ebg.aqap.common.entity.biz.pay.OverseaPayResponse
[2025-05-16 09:05:05.540 k.e.a.m.b.h.EBServiceHandlerContainer INFO]: 业务框架标识 cancelNotification 加载完毕 , EBServiceMethod:kd.ebg.aqap.business.currentandfixed.CafCancelNotificationMethod , requestClass:kd.ebg.aqap.common.entity.biz.curandfixed.exifaze.cancel.CurrentAndFixedExRequest , responseClass:kd.ebg.aqap.common.entity.biz.curandfixed.exifaze.cancel.CurrentAndFixedExResponse
[2025-05-16 09:05:05.541 k.e.a.m.b.h.EBServiceHandlerContainer INFO]: 业务框架标识 listLicenseDetail 加载完毕 , EBServiceMethod:kd.ebg.aqap.business.other.ListLicenseDetailMethod , requestClass:kd.ebg.aqap.common.entity.biz.listlicense.ListLicenseDetailRequest , responseClass:kd.ebg.aqap.common.entity.biz.listlicense.ListLicenseDetailResponse
[2025-05-16 09:05:05.544 k.e.a.m.b.h.EBServiceHandlerContainer INFO]: 业务框架标识 query_linkpay 加载完毕 , EBServiceMethod:kd.ebg.aqap.business.payment.QueryLinkPayMethod , requestClass:kd.ebg.aqap.common.entity.biz.querylinkpay.QueryLinkPayRequest , responseClass:kd.ebg.aqap.common.entity.biz.querylinkpay.QueryLinkPayResponse
[2025-05-16 09:05:05.545 k.e.a.m.b.h.EBServiceHandlerContainer INFO]: 业务框架标识 batchBalance 加载完毕 , EBServiceMethod:kd.ebg.aqap.business.balance.BalanceMethod , requestClass:kd.ebg.aqap.common.entity.biz.balance.BatchBalanceRequest , responseClass:kd.ebg.aqap.common.entity.biz.balance.BatchBalanceResponse
[2025-05-16 09:05:05.552 k.e.a.m.b.h.EBServiceHandlerContainer INFO]: 业务框架标识 linkpay 加载完毕 , EBServiceMethod:kd.ebg.aqap.business.payment.LinkPayMethod , requestClass:kd.ebg.aqap.common.entity.biz.linkpay.LinkPayRequest , responseClass:kd.ebg.aqap.common.entity.biz.linkpay.LinkPayResponse
[2025-05-16 09:05:05.554 k.e.a.m.b.h.EBServiceHandlerContainer INFO]: 业务框架标识 apply 加载完毕 , EBServiceMethod:kd.ebg.aqap.business.apply.ApplyMethod , requestClass:kd.ebg.aqap.common.entity.biz.apply.ApplyRequest , responseClass:kd.ebg.aqap.common.entity.biz.apply.ApplyResponse
[2025-05-16 09:05:05.557 k.e.a.m.b.h.EBServiceHandlerContainer INFO]: 业务框架标识 mockPayTest 加载完毕 , EBServiceMethod:kd.ebg.aqap.business.payment.MockPayMethod , requestClass:kd.ebg.aqap.common.entity.biz.pay.PayRequest , responseClass:kd.ebg.aqap.common.entity.biz.pay.PayResponse
[2025-05-16 09:05:05.560 k.e.a.m.b.h.EBServiceHandlerContainer INFO]: 业务框架标识 openCreditQuery 加载完毕 , EBServiceMethod:kd.ebg.aqap.business.credit.QueryOpenCreditMethod , requestClass:kd.ebg.aqap.common.entity.biz.credit.queryOpenCredit.QueryOpenCreditRequest , responseClass:kd.ebg.aqap.common.entity.biz.credit.queryOpenCredit.QueryOpenCreditResponse
[2025-05-16 09:05:05.562 k.e.a.m.b.h.EBServiceHandlerContainer INFO]: 业务框架标识 bankLoginConfig 加载完毕 , EBServiceMethod:kd.ebg.aqap.business.other.BankLoginConfigMethod , requestClass:kd.ebg.aqap.common.entity.biz.bankloginconfig.BankLoginConfigRequest , responseClass:kd.ebg.aqap.common.entity.biz.bankloginconfig.BankLoginConfigResponse
[2025-05-16 09:05:05.564 k.e.a.m.b.h.EBServiceHandlerContainer INFO]: 业务框架标识 redeemFinancing 加载完毕 , EBServiceMethod:kd.ebg.aqap.business.financing.RedeemFinancingMethod , requestClass:kd.ebg.aqap.common.entity.biz.financing.redeem.RedeemFinancingRequest , responseClass:kd.ebg.aqap.common.entity.biz.financing.redeem.RedeemFinancingResponse
[2025-05-16 09:05:05.567 k.e.a.m.b.h.EBServiceHandlerContainer INFO]: 业务框架标识 syncAccount 加载完毕 , EBServiceMethod:kd.ebg.aqap.business.other.SyncAccountMethod , requestClass:kd.ebg.aqap.common.entity.biz.syncaccount.SyncAccountRequest , responseClass:kd.ebg.aqap.common.entity.biz.syncaccount.SyncAccountResponse
[2025-05-16 09:05:05.569 k.e.a.m.b.h.EBServiceHandlerContainer INFO]: 业务框架标识 queryBalanceReconciliation 加载完毕 , EBServiceMethod:kd.ebg.aqap.business.balancereconciliation.QueryBalanceReconciliationMethod , requestClass:kd.ebg.aqap.common.entity.biz.balancereconciliation.QueryBalanceReconciliationRequest , responseClass:kd.ebg.aqap.common.entity.biz.balancereconciliation.QueryBalanceReconciliationResponse
[2025-05-16 09:05:05.570 k.e.a.m.b.h.EBServiceHandlerContainer INFO]: 业务框架标识 pay 加载完毕 , EBServiceMethod:kd.ebg.aqap.business.payment.PayMethod , requestClass:kd.ebg.aqap.common.entity.biz.pay.PayRequest , responseClass:kd.ebg.aqap.common.entity.biz.pay.PayResponse
[2025-05-16 09:05:05.574 k.e.a.m.b.h.EBServiceHandlerContainer INFO]: 业务框架标识 balanceStatement 加载完毕 , EBServiceMethod:kd.ebg.aqap.business.balancereconciliation.BalanceStatementMethod , requestClass:kd.ebg.aqap.common.entity.biz.balancereconciliation.BalanceStatementRequest , responseClass:kd.ebg.aqap.common.entity.biz.balancereconciliation.BalanceStatementResponse
[2025-05-16 09:05:05.578 k.e.a.m.b.h.EBServiceHandlerContainer INFO]: 业务框架标识 withdrawFromNAcc 加载完毕 , EBServiceMethod:kd.ebg.aqap.business.currentandfixed.CafWithdrawNAccMethod , requestClass:kd.ebg.aqap.common.entity.biz.curandfixed.exifaze.withdraw.CurrentAndFixedExRequest , responseClass:kd.ebg.aqap.common.entity.biz.curandfixed.exifaze.withdraw.CurrentAndFixedExResponse
[2025-05-16 09:05:05.581 k.e.a.m.b.h.EBServiceHandlerContainer INFO]: 业务框架标识 queryBuyFinancing 加载完毕 , EBServiceMethod:kd.ebg.aqap.business.financing.QueryBuyFinancingMethod , requestClass:kd.ebg.aqap.common.entity.biz.financing.buy.QueryBuyFinancingRequest , responseClass:kd.ebg.aqap.common.entity.biz.financing.buy.QueryBuyFinancingResponse
[2025-05-16 09:05:05.584 k.e.a.m.b.h.EBServiceHandlerContainer INFO]: 业务框架标识 UpdateTenant 加载完毕 , EBServiceMethod:kd.ebg.aqap.business.other.UpdateTenantMethod , requestClass:kd.ebg.aqap.common.entity.biz.tenant.UpdateTenantRequest , responseClass:kd.ebg.aqap.common.entity.biz.tenant.UpdateTenantResponse
[2025-05-16 09:05:05.587 k.e.a.m.b.h.EBServiceHandlerContainer INFO]: 业务框架标识 syncBankLogin 加载完毕 , EBServiceMethod:kd.ebg.aqap.business.other.SyncBankLoginMethod , requestClass:kd.ebg.aqap.common.entity.biz.syncbanklogin.SyncBankLoginRequest , responseClass:kd.ebg.aqap.common.entity.biz.syncbanklogin.SyncBankLoginResponse
[2025-05-16 09:05:05.589 k.e.a.m.b.h.EBServiceHandlerContainer INFO]: 业务框架标识 updateBalanceReconciliationStatus 加载完毕 , EBServiceMethod:kd.ebg.aqap.business.balancereconciliation.UpdateBalanceReconciliationStatusMethod , requestClass:kd.ebg.aqap.common.entity.biz.balancereconciliation.UpdateBalanceReconciliationStatusRequest , responseClass:kd.ebg.aqap.common.entity.biz.balancereconciliation.UpdateBalanceReconciliationStatusResponse
[2025-05-16 09:05:05.591 k.e.a.m.b.h.EBServiceHandlerContainer INFO]: 业务框架标识 queryRedeemFinancing 加载完毕 , EBServiceMethod:kd.ebg.aqap.business.financing.QueryRedeemFinancingMethod , requestClass:kd.ebg.aqap.common.entity.biz.financing.redeem.QueryRedeemFinancingRequest , responseClass:kd.ebg.aqap.common.entity.biz.financing.redeem.QueryRedeemFinancingResponse
[2025-05-16 09:05:05.594 k.e.a.m.b.h.EBServiceHandlerContainer INFO]: 业务框架标识 downloadBankFile 加载完毕 , EBServiceMethod:kd.ebg.aqap.business.file.DownLoadFileMethod , requestClass:kd.ebg.aqap.common.entity.biz.file.DownLoadFileRequest , responseClass:kd.ebg.aqap.common.entity.biz.file.DownLoadFileResponse
[2025-05-16 09:05:05.596 k.e.a.m.b.h.EBServiceHandlerContainer INFO]: 业务框架标识 syncMappedAcct 加载完毕 , EBServiceMethod:kd.ebg.aqap.business.account.MappingAcctMethod , requestClass:kd.ebg.aqap.common.entity.biz.acct.MappingAcctRequest , responseClass:kd.ebg.aqap.common.entity.biz.acct.MappingAcctResponse
[2025-05-16 09:05:05.599 k.e.a.m.b.h.EBServiceHandlerContainer INFO]: 业务框架标识 openCredit 加载完毕 , EBServiceMethod:kd.ebg.aqap.business.credit.OpenCreditMethod , requestClass:kd.ebg.aqap.common.entity.biz.credit.openCredit.OpenCreditRequest , responseClass:kd.ebg.aqap.common.entity.biz.credit.openCredit.OpenCreditResponse
[2025-05-16 09:05:05.600 k.e.a.m.b.h.EBServiceHandlerContainer INFO]: 业务框架标识 queryPay 加载完毕 , EBServiceMethod:kd.ebg.aqap.business.payment.QueryPayMethod , requestClass:kd.ebg.aqap.common.entity.biz.querypay.QueryPayRequest , responseClass:kd.ebg.aqap.common.entity.biz.querypay.QueryPayResponse
[2025-05-16 09:05:05.602 k.e.a.m.b.h.EBServiceHandlerContainer INFO]: 业务框架标识 currentAndFixed 加载完毕 , EBServiceMethod:kd.ebg.aqap.business.currentandfixed.CurrentAndFixedMethod , requestClass:kd.ebg.aqap.common.entity.biz.curandfixed.CurrentAndFixedRequest , responseClass:kd.ebg.aqap.common.entity.biz.curandfixed.CurrentAndFixedResponse
[2025-05-16 09:05:05.605 k.e.a.m.b.h.EBServiceHandlerContainer INFO]: 业务框架标识 detail 加载完毕 , EBServiceMethod:kd.ebg.aqap.business.detail.DetailMethod , requestClass:kd.ebg.aqap.common.entity.biz.detail.DetailRequest , responseClass:kd.ebg.aqap.common.entity.biz.detail.DetailResponse
[2025-05-16 09:05:05.606 k.e.a.m.b.h.EBServiceHandlerContainer INFO]: 业务框架标识 queryOverseaPay 加载完毕 , EBServiceMethod:kd.ebg.aqap.business.payment.QueryOverseaPayMethod , requestClass:kd.ebg.aqap.common.entity.biz.querypay.QueryOverseaPayRequest , responseClass:kd.ebg.aqap.common.entity.biz.querypay.QueryOverseaPayResponse
[2025-05-16 09:05:05.607 k.e.a.m.b.h.EBServiceHandlerContainer INFO]: 业务框架标识 cancelApply 加载完毕 , EBServiceMethod:kd.ebg.aqap.business.apply.CancelApplyMethod , requestClass:kd.ebg.aqap.common.entity.biz.apply.CancelApplyRequest , responseClass:kd.ebg.aqap.common.entity.biz.apply.CancelApplyResponse
[2025-05-16 09:05:05.609 k.e.a.m.b.h.EBServiceHandlerContainer INFO]: 业务框架标识 register 加载完毕 , EBServiceMethod:kd.ebg.aqap.business.other.RegisterMethod , requestClass:kd.ebg.aqap.common.entity.biz.register.RegisterRequest , responseClass:kd.ebg.aqap.common.entity.biz.register.RegisterResponse
[2025-05-16 09:05:05.614 k.e.a.m.b.a.EBGAppStarter INFO]: ====> 银企云框架加载完成
