[2025-05-16 09:04:15.407 k.e.e.c.f.WriteFileUtil INFO]: create new file success
[2025-05-16 09:04:15.389 k.e.n.m.b.a.EBGAppStarter INFO]: 电票云启动初始化 ====>
[2025-05-16 09:04:31.925 k.e.n.m.b.a.EBGAppStarter INFO]: ====> Bean容器初始化完成
[2025-05-16 09:04:31.927 k.e.n.c.f.f.BankBundleManager INFO]: 加载银行前置机并发锁数量...
[2025-05-16 09:04:31.933 k.e.n.c.f.f.BankBundleManager INFO]: BOIMC_DC前置机并发锁数量：5
[2025-05-16 09:04:31.934 k.e.n.c.f.f.BankBundleManager INFO]: BOCOM_DC前置机并发锁数量：5
[2025-05-16 09:04:31.935 k.e.n.c.f.f.BankBundleManager INFO]: CMBC_OPA前置机并发锁数量：5
[2025-05-16 09:04:31.936 k.e.n.c.f.f.BankBundleManager INFO]: CMB_OPA前置机并发锁数量：5
[2025-05-16 09:04:31.937 k.e.n.c.f.f.BankBundleManager INFO]: CCB_CCIP前置机并发锁数量：5
[2025-05-16 09:04:31.938 k.e.n.c.f.f.BankBundleManager INFO]: BOCOM_OPA前置机并发锁数量：5
[2025-05-16 09:04:31.939 k.e.n.c.f.f.BankBundleManager INFO]: ICBC_CMP前置机并发锁数量：5
[2025-05-16 09:04:31.940 k.e.n.c.f.f.BankBundleManager INFO]: BOC_OPA前置机并发锁数量：5
[2025-05-16 09:04:31.940 k.e.n.c.f.f.BankBundleManager INFO]: BOC_NET前置机并发锁数量：5
[2025-05-16 09:04:31.941 k.e.n.c.f.f.BankBundleManager INFO]: GDB_OPA前置机并发锁数量：5
[2025-05-16 09:04:31.942 k.e.n.c.f.f.BankBundleManager INFO]: CMB_DC前置机并发锁数量：5
[2025-05-16 09:04:31.943 k.e.n.c.f.f.BankBundleManager INFO]: HXB_DC前置机并发锁数量：5
[2025-05-16 09:04:31.944 k.e.n.c.f.f.BankBundleManager INFO]: CCB_DC前置机并发锁数量：5
[2025-05-16 09:04:31.945 k.e.n.c.f.f.BankBundleManager INFO]: PAB_OPA前置机并发锁数量：5
[2025-05-16 09:04:31.946 k.e.n.c.f.f.BankBundleManager INFO]: PAB_DC前置机并发锁数量：5
[2025-05-16 09:04:31.947 k.e.n.c.f.f.BankBundleManager INFO]: CIB_DC前置机并发锁数量：5
[2025-05-16 09:04:31.948 k.e.n.c.f.f.BankBundleManager INFO]: CMBC_DC前置机并发锁数量：5
[2025-05-16 09:04:31.949 k.e.n.c.f.f.BankBundleManager INFO]: CIB_OPA前置机并发锁数量：5
[2025-05-16 09:04:31.950 k.e.n.c.f.f.BankBundleManager INFO]: CEB_DC前置机并发锁数量：5
[2025-05-16 09:04:31.951 k.e.n.c.f.f.BankBundleManager INFO]: CMBC_OPENBANK前置机并发锁数量：5
[2025-05-16 09:04:31.952 k.e.n.c.f.f.BankBundleManager INFO]: 开始初始化业务系统...
[2025-05-16 09:04:32.434 k.e.n.c.f.f.BankBundleManager INFO]: 业务接口个数 : 9
[2025-05-16 09:04:32.436 k.e.n.c.f.f.BankBundleManager INFO]: kd.ebg.note.common.framework.frame.AtomicBizMeta@1e30805b
[2025-05-16 09:04:32.437 k.e.n.c.f.f.BankBundleManager INFO]: kd.ebg.note.common.framework.frame.AtomicBizMeta@23dbfd77
[2025-05-16 09:04:32.438 k.e.n.c.f.f.BankBundleManager INFO]: kd.ebg.note.common.framework.frame.AtomicBizMeta@eb6de9f
[2025-05-16 09:04:32.439 k.e.n.c.f.f.BankBundleManager INFO]: kd.ebg.note.common.framework.frame.AtomicBizMeta@118fc8b5
[2025-05-16 09:04:32.440 k.e.n.c.f.f.BankBundleManager INFO]: kd.ebg.note.common.framework.frame.AtomicBizMeta@b27b087
[2025-05-16 09:04:32.441 k.e.n.c.f.f.BankBundleManager INFO]: kd.ebg.note.common.framework.frame.AtomicBizMeta@77ebc4d1
[2025-05-16 09:04:32.442 k.e.n.c.f.f.BankBundleManager INFO]: kd.ebg.note.common.framework.frame.AtomicBizMeta@4f91be95
[2025-05-16 09:04:32.443 k.e.n.c.f.f.BankBundleManager INFO]: kd.ebg.note.common.framework.frame.AtomicBizMeta@20b40db2
[2025-05-16 09:04:32.444 k.e.n.c.f.f.BankBundleManager INFO]: kd.ebg.note.common.framework.frame.AtomicBizMeta@162122ab
[2025-05-16 09:04:32.445 k.e.n.c.f.f.BankBundleManager INFO]: 系统接口个数 : 0
[2025-05-16 09:04:32.447 k.e.n.c.f.f.BankBundleManager INFO]: 找到 15 个银行插件实现
[2025-05-16 09:04:32.449 k.e.n.c.f.f.BankBundleManager INFO]: SPDB_DC
[2025-05-16 09:04:32.454 k.e.n.c.f.f.BankBundleManager INFO]: BOCOM_DC
[2025-05-16 09:04:32.455 k.e.n.c.f.f.BankBundleManager INFO]: CITIC_DC
[2025-05-16 09:04:32.456 k.e.n.c.f.f.BankBundleManager INFO]: CMB_OPA
[2025-05-16 09:04:32.457 k.e.n.c.f.f.BankBundleManager INFO]: CCB_CCIP
[2025-05-16 09:04:32.459 k.e.n.c.f.f.BankBundleManager INFO]: ICBC_OPA
[2025-05-16 09:04:32.460 k.e.n.c.f.f.BankBundleManager INFO]: ABC_DC
[2025-05-16 09:04:32.461 k.e.n.c.f.f.BankBundleManager INFO]: ICBC_CMP
[2025-05-16 09:04:32.463 k.e.n.c.f.f.BankBundleManager INFO]: BOC_NET
[2025-05-16 09:04:32.463 k.e.n.c.f.f.BankBundleManager INFO]: CCB_DC
[2025-05-16 09:04:32.464 k.e.n.c.f.f.BankBundleManager INFO]: CIB_DC
[2025-05-16 09:04:32.465 k.e.n.c.f.f.BankBundleManager INFO]: PAB_DC
[2025-05-16 09:04:32.465 k.e.n.c.f.f.BankBundleManager INFO]: CMBC_DC
[2025-05-16 09:04:32.466 k.e.n.c.f.f.BankBundleManager INFO]: GDB_DC
[2025-05-16 09:04:32.467 k.e.n.c.f.f.BankBundleManager INFO]: CEB_DC
[2025-05-16 09:04:32.467 k.e.n.c.f.f.BankBundleManager INFO]: 初始化完成...
[2025-05-16 09:04:32.468 k.e.n.m.b.a.EBGAppStarter INFO]: ====> 加载银行插件完成
[2025-05-16 09:04:32.682 k.e.n.m.b.a.EBGAppStarter INFO]: ====> 银行插件元数据存入Redis完成
[2025-05-16 09:04:32.684 k.e.n.m.b.a.EBApplication INFO]: 加载业务处理单元...
[2025-05-16 09:04:32.801 k.e.n.m.b.a.EBGAppStarter INFO]: ====> 电票云框架加载完成
[2025-05-16 09:04:32.803 k.e.n.m.b.a.EBGAppStarter INFO]: ====> 电票元数据缓存移除完成
