[2025-05-16 09:04:15.408 k.e.e.c.f.WriteFileUtil INFO]: create new file success
[2025-05-16 09:04:15.389 k.e.r.m.b.a.EBGReceiptAppStarter INFO]: 回单云启动初始化 ====>
[2025-05-16 09:04:33.598 k.e.r.m.b.a.EBGReceiptAppStarter INFO]: ====> Bean容器初始化完成
[2025-05-16 09:04:33.600 k.e.r.c.f.f.BankBundleManager INFO]: 加载银行前置机并发锁数量...
[2025-05-16 09:04:33.601 k.e.r.c.f.f.BankBundleManager INFO]: BOIMC_DC前置机并发锁数量：5
[2025-05-16 09:04:33.602 k.e.r.c.f.f.BankBundleManager INFO]: BOCOM_DC前置机并发锁数量：5
[2025-05-16 09:04:33.603 k.e.r.c.f.f.BankBundleManager INFO]: CMBC_OPA前置机并发锁数量：5
[2025-05-16 09:04:33.604 k.e.r.c.f.f.BankBundleManager INFO]: CMB_OPA前置机并发锁数量：5
[2025-05-16 09:04:33.604 k.e.r.c.f.f.BankBundleManager INFO]: CCB_CCIP前置机并发锁数量：5
[2025-05-16 09:04:33.605 k.e.r.c.f.f.BankBundleManager INFO]: BOCOM_OPA前置机并发锁数量：5
[2025-05-16 09:04:33.607 k.e.r.c.f.f.BankBundleManager INFO]: ICBC_CMP前置机并发锁数量：5
[2025-05-16 09:04:33.608 k.e.r.c.f.f.BankBundleManager INFO]: BOC_OPA前置机并发锁数量：5
[2025-05-16 09:04:33.609 k.e.r.c.f.f.BankBundleManager INFO]: BOC_NET前置机并发锁数量：5
[2025-05-16 09:04:33.610 k.e.r.c.f.f.BankBundleManager INFO]: GDB_OPA前置机并发锁数量：5
[2025-05-16 09:04:33.611 k.e.r.c.f.f.BankBundleManager INFO]: CMB_DC前置机并发锁数量：5
[2025-05-16 09:04:33.611 k.e.r.c.f.f.BankBundleManager INFO]: HXB_DC前置机并发锁数量：5
[2025-05-16 09:04:33.613 k.e.r.c.f.f.BankBundleManager INFO]: CCB_DC前置机并发锁数量：5
[2025-05-16 09:04:33.614 k.e.r.c.f.f.BankBundleManager INFO]: PAB_OPA前置机并发锁数量：5
[2025-05-16 09:04:33.615 k.e.r.c.f.f.BankBundleManager INFO]: PAB_DC前置机并发锁数量：5
[2025-05-16 09:04:33.615 k.e.r.c.f.f.BankBundleManager INFO]: CIB_DC前置机并发锁数量：5
[2025-05-16 09:04:33.616 k.e.r.c.f.f.BankBundleManager INFO]: CMBC_DC前置机并发锁数量：5
[2025-05-16 09:04:33.617 k.e.r.c.f.f.BankBundleManager INFO]: CIB_OPA前置机并发锁数量：5
[2025-05-16 09:04:33.618 k.e.r.c.f.f.BankBundleManager INFO]: CEB_DC前置机并发锁数量：5
[2025-05-16 09:04:33.619 k.e.r.c.f.f.BankBundleManager INFO]: CMBC_OPENBANK前置机并发锁数量：5
[2025-05-16 09:04:33.620 k.e.r.c.f.f.BankBundleManager INFO]: 开始初始化业务系统...
[2025-05-16 09:04:34.669 k.e.r.c.f.f.BankBundleManager INFO]: 业务接口个数 : 5
[2025-05-16 09:04:34.669 k.e.r.c.f.f.BankBundleManager INFO]: kd.ebg.receipt.common.framework.frame.AtomicBizMeta@18fa2d92
[2025-05-16 09:04:34.669 k.e.r.c.f.f.BankBundleManager INFO]: kd.ebg.receipt.common.framework.frame.AtomicBizMeta@c54831c
[2025-05-16 09:04:34.669 k.e.r.c.f.f.BankBundleManager INFO]: kd.ebg.receipt.common.framework.frame.AtomicBizMeta@59433b54
[2025-05-16 09:04:34.674 k.e.r.c.f.f.BankBundleManager INFO]: kd.ebg.receipt.common.framework.frame.AtomicBizMeta@470258a0
[2025-05-16 09:04:34.675 k.e.r.c.f.f.BankBundleManager INFO]: kd.ebg.receipt.common.framework.frame.AtomicBizMeta@edd6b6f
[2025-05-16 09:04:34.676 k.e.r.c.f.f.BankBundleManager INFO]: 系统接口个数 : 0
[2025-05-16 09:04:34.677 k.e.r.c.f.f.BankBundleManager INFO]: 找到 87 个银行插件实现
[2025-05-16 09:04:34.680 k.e.r.c.f.f.BankBundleManager INFO]: EBG_SIM
[2025-05-16 09:04:34.680 k.e.r.c.f.f.BankBundleManager INFO]: DYBC_DC
[2025-05-16 09:04:34.682 k.e.r.c.f.f.BankBundleManager INFO]: FJHXB_DC
[2025-05-16 09:04:34.682 k.e.r.c.f.f.BankBundleManager INFO]: XMB_CMP
[2025-05-16 09:04:34.682 k.e.r.c.f.f.BankBundleManager INFO]: ZRC_DC
[2025-05-16 09:04:34.683 k.e.r.c.f.f.BankBundleManager INFO]: HBB_DC
[2025-05-16 09:04:34.684 k.e.r.c.f.f.BankBundleManager INFO]: ZSB_OPA
[2025-05-16 09:04:34.686 k.e.r.c.f.f.BankBundleManager INFO]: SDE_DC
[2025-05-16 09:04:34.686 k.e.r.c.f.f.BankBundleManager INFO]: PSBC_SRDC
[2025-05-16 09:04:34.687 k.e.r.c.f.f.BankBundleManager INFO]: BSZ_DC
[2025-05-16 09:04:34.689 k.e.r.c.f.f.BankBundleManager INFO]: SJB_CMS
[2025-05-16 09:04:34.689 k.e.r.c.f.f.BankBundleManager INFO]: ZSB_DC
[2025-05-16 09:04:34.690 k.e.r.c.f.f.BankBundleManager INFO]: CBHB_DC
[2025-05-16 09:04:34.690 k.e.r.c.f.f.BankBundleManager INFO]: NJB_DC
[2025-05-16 09:04:34.691 k.e.r.c.f.f.BankBundleManager INFO]: CDB_CCIP
[2025-05-16 09:04:34.692 k.e.r.c.f.f.BankBundleManager INFO]: XMB_DC
[2025-05-16 09:04:34.693 k.e.r.c.f.f.BankBundleManager INFO]: ICBCSG_DC
[2025-05-16 09:04:34.695 k.e.r.c.f.f.BankBundleManager INFO]: BBGB_DC
[2025-05-16 09:04:34.696 k.e.r.c.f.f.BankBundleManager INFO]: BOSH_DC
[2025-05-16 09:04:34.697 k.e.r.c.f.f.BankBundleManager INFO]: GZRCB_DC
[2025-05-16 09:04:34.698 k.e.r.c.f.f.BankBundleManager INFO]: GYB_DC
[2025-05-16 09:04:34.698 k.e.r.c.f.f.BankBundleManager INFO]: BOIMC_DC
[2025-05-16 09:04:34.699 k.e.r.c.f.f.BankBundleManager INFO]: SPDB_DC
[2025-05-16 09:04:34.700 k.e.r.c.f.f.BankBundleManager INFO]: HSB_DC
[2025-05-16 09:04:34.701 k.e.r.c.f.f.BankBundleManager INFO]: CMB_OPA
[2025-05-16 09:04:34.703 k.e.r.c.f.f.BankBundleManager INFO]: CRCB_DC
[2025-05-16 09:04:34.703 k.e.r.c.f.f.BankBundleManager INFO]: ABC_DC
[2025-05-16 09:04:34.704 k.e.r.c.f.f.BankBundleManager INFO]: CZCCB_DC
[2025-05-16 09:04:34.705 k.e.r.c.f.f.BankBundleManager INFO]: ICBC_CMP
[2025-05-16 09:04:34.707 k.e.r.c.f.f.BankBundleManager INFO]: QLB_DC
[2025-05-16 09:04:34.707 k.e.r.c.f.f.BankBundleManager INFO]: BJB_DC
[2025-05-16 09:04:34.709 k.e.r.c.f.f.BankBundleManager INFO]: CMB_DC
[2025-05-16 09:04:34.709 k.e.r.c.f.f.BankBundleManager INFO]: QDB_DC
[2025-05-16 09:04:34.711 k.e.r.c.f.f.BankBundleManager INFO]: ADBC_DC
[2025-05-16 09:04:34.712 k.e.r.c.f.f.BankBundleManager INFO]: GXNX_DC
[2025-05-16 09:04:34.713 k.e.r.c.f.f.BankBundleManager INFO]: PAB_DC
[2025-05-16 09:04:34.714 k.e.r.c.f.f.BankBundleManager INFO]: NBCB_DC
[2025-05-16 09:04:34.716 k.e.r.c.f.f.BankBundleManager INFO]: CEB_DC
[2025-05-16 09:04:34.717 k.e.r.c.f.f.BankBundleManager INFO]: ZYB_DC
[2025-05-16 09:04:34.718 k.e.r.c.f.f.BankBundleManager INFO]: GHB_DC
[2025-05-16 09:04:34.719 k.e.r.c.f.f.BankBundleManager INFO]: XIB_DC
[2025-05-16 09:04:34.720 k.e.r.c.f.f.BankBundleManager INFO]: ITBJFCL_DC
[2025-05-16 09:04:34.721 k.e.r.c.f.f.BankBundleManager INFO]: BOCOM_DC
[2025-05-16 09:04:34.721 k.e.r.c.f.f.BankBundleManager INFO]: ZJRC_DC
[2025-05-16 09:04:34.722 k.e.r.c.f.f.BankBundleManager INFO]: CITIC_DC
[2025-05-16 09:04:34.723 k.e.r.c.f.f.BankBundleManager INFO]: SRB_CMP
[2025-05-16 09:04:34.724 k.e.r.c.f.f.BankBundleManager INFO]: JJCCB_CMP
[2025-05-16 09:04:34.725 k.e.r.c.f.f.BankBundleManager INFO]: HFB_DC
[2025-05-16 09:04:34.726 k.e.r.c.f.f.BankBundleManager INFO]: PSBC_DC
[2025-05-16 09:04:34.727 k.e.r.c.f.f.BankBundleManager INFO]: CCQTGB_DC
[2025-05-16 09:04:34.728 k.e.r.c.f.f.BankBundleManager INFO]: GSB_DC
[2025-05-16 09:04:34.729 k.e.r.c.f.f.BankBundleManager INFO]: GZC_DC
[2025-05-16 09:04:34.731 k.e.r.c.f.f.BankBundleManager INFO]: BOC_NET
[2025-05-16 09:04:34.731 k.e.r.c.f.f.BankBundleManager INFO]: CDCB_CMS
[2025-05-16 09:04:34.732 k.e.r.c.f.f.BankBundleManager INFO]: JXB_DC
[2025-05-16 09:04:34.733 k.e.r.c.f.f.BankBundleManager INFO]: GXNX_CMP
[2025-05-16 09:04:34.733 k.e.r.c.f.f.BankBundleManager INFO]: HZYQ_DC
[2025-05-16 09:04:34.734 k.e.r.c.f.f.BankBundleManager INFO]: CCB_DC
[2025-05-16 09:04:34.736 k.e.r.c.f.f.BankBundleManager INFO]: NBB_OPA
[2025-05-16 09:04:34.737 k.e.r.c.f.f.BankBundleManager INFO]: BCS_DC
[2025-05-16 09:04:34.738 k.e.r.c.f.f.BankBundleManager INFO]: EVES_DC
[2025-05-16 09:04:34.739 k.e.r.c.f.f.BankBundleManager INFO]: ARCU_DC
[2025-05-16 09:04:34.739 k.e.r.c.f.f.BankBundleManager INFO]: CQB_DC
[2025-05-16 09:04:34.740 k.e.r.c.f.f.BankBundleManager INFO]: ICBCASIA_DC
[2025-05-16 09:04:34.741 k.e.r.c.f.f.BankBundleManager INFO]: DRCB_CMP
[2025-05-16 09:04:34.742 k.e.r.c.f.f.BankBundleManager INFO]: GDNXS_DC
[2025-05-16 09:04:34.743 k.e.r.c.f.f.BankBundleManager INFO]: NHB_DC
[2025-05-16 09:04:34.743 k.e.r.c.f.f.BankBundleManager INFO]: QSBC_DC
[2025-05-16 09:04:34.745 k.e.r.c.f.f.BankBundleManager INFO]: HRXJB_DC
[2025-05-16 09:04:34.745 k.e.r.c.f.f.BankBundleManager INFO]: BOD_CMP
[2025-05-16 09:04:34.746 k.e.r.c.f.f.BankBundleManager INFO]: BOCHK_DC
[2025-05-16 09:04:34.747 k.e.r.c.f.f.BankBundleManager INFO]: CCB_CCIP
[2025-05-16 09:04:34.748 k.e.r.c.f.f.BankBundleManager INFO]: ICBC_OPA
[2025-05-16 09:04:34.749 k.e.r.c.f.f.BankBundleManager INFO]: CABC_DC
[2025-05-16 09:04:34.750 k.e.r.c.f.f.BankBundleManager INFO]: GZCB_DC
[2025-05-16 09:04:34.751 k.e.r.c.f.f.BankBundleManager INFO]: DLB_DC
[2025-05-16 09:04:34.752 k.e.r.c.f.f.BankBundleManager INFO]: TLYH_DC
[2025-05-16 09:04:34.753 k.e.r.c.f.f.BankBundleManager INFO]: BCS_CMP
[2025-05-16 09:04:34.754 k.e.r.c.f.f.BankBundleManager INFO]: YNHTB_DC
[2025-05-16 09:04:34.755 k.e.r.c.f.f.BankBundleManager INFO]: GLB_DC
[2025-05-16 09:04:34.756 k.e.r.c.f.f.BankBundleManager INFO]: HXB_DC
[2025-05-16 09:04:34.757 k.e.r.c.f.f.BankBundleManager INFO]: CIB_DC
[2025-05-16 09:04:34.758 k.e.r.c.f.f.BankBundleManager INFO]: WHSYBC_DC
[2025-05-16 09:04:34.759 k.e.r.c.f.f.BankBundleManager INFO]: CMBC_DC
[2025-05-16 09:04:34.760 k.e.r.c.f.f.BankBundleManager INFO]: ZZB_DC
[2025-05-16 09:04:34.761 k.e.r.c.f.f.BankBundleManager INFO]: GDB_DC
[2025-05-16 09:04:34.761 k.e.r.c.f.f.BankBundleManager INFO]: JSB_CMP
[2025-05-16 09:04:34.761 k.e.r.c.f.f.BankBundleManager INFO]: 初始化完成...
[2025-05-16 09:04:34.762 k.e.r.m.b.a.EBGReceiptAppStarter INFO]: ====> 加载银行插件完成
[2025-05-16 09:04:35.058 k.e.r.m.b.a.EBGReceiptAppStarter INFO]: ====> 银行插件元数据存入内存map完成
[2025-05-16 09:04:35.060 k.e.r.m.b.a.EBApplication INFO]: 加载业务处理单元...
[2025-05-16 09:04:35.088 k.e.r.m.b.a.EBGReceiptAppStarter INFO]: ====> 回单云框架加载完成
